0 info it worked if it ends with ok
1 verbose cli [ 'C:\\Program Files\\nodejs\\node.exe',
1 verbose cli   'C:\\Program Files\\nodejs\\node_modules\\npm\\bin\\npm-cli.js',
1 verbose cli   'install',
1 verbose cli   '--save-dev',
1 verbose cli   'react-font-awesome' ]
2 info using npm@2.14.12
3 info using node@v4.2.6
4 verbose install initial load of C:\Users\victorvilardell\Documents\VictorVilardell\package.json
5 warn package.json react-List@1.0.0 No README data
6 verbose installManyTop reading scoped package data from C:\Users\victorvilardell\Documents\VictorVilardell\node_modules\babel-preset-es2015\package.json
7 verbose installManyTop reading scoped package data from C:\Users\victorvilardell\Documents\VictorVilardell\node_modules\babel-preset-react\package.json
8 verbose installManyTop reading scoped package data from C:\Users\victorvilardell\Documents\VictorVilardell\node_modules\babelify\package.json
9 verbose installManyTop reading scoped package data from C:\Users\victorvilardell\Documents\VictorVilardell\node_modules\browserify\package.json
10 verbose installManyTop reading scoped package data from C:\Users\victorvilardell\Documents\VictorVilardell\node_modules\font-awesome\package.json
11 verbose installManyTop reading scoped package data from C:\Users\victorvilardell\Documents\VictorVilardell\node_modules\gulp\package.json
12 verbose installManyTop reading scoped package data from C:\Users\victorvilardell\Documents\VictorVilardell\node_modules\gulp-concat\package.json
13 verbose installManyTop reading scoped package data from C:\Users\victorvilardell\Documents\VictorVilardell\node_modules\gulp-minify-css\package.json
14 verbose installManyTop reading scoped package data from C:\Users\victorvilardell\Documents\VictorVilardell\node_modules\gulp-sass\package.json
15 verbose installManyTop reading scoped package data from C:\Users\victorvilardell\Documents\VictorVilardell\node_modules\gulp-sourcemaps\package.json
16 verbose installManyTop reading scoped package data from C:\Users\victorvilardell\Documents\VictorVilardell\node_modules\gulp-webserver\package.json
17 verbose installManyTop reading scoped package data from C:\Users\victorvilardell\Documents\VictorVilardell\node_modules\http-server\package.json
18 verbose installManyTop reading scoped package data from C:\Users\victorvilardell\Documents\VictorVilardell\node_modules\node-font-awesome\package.json
19 verbose installManyTop reading scoped package data from C:\Users\victorvilardell\Documents\VictorVilardell\node_modules\normalize.css\package.json
20 verbose installManyTop reading scoped package data from C:\Users\victorvilardell\Documents\VictorVilardell\node_modules\react\package.json
21 verbose installManyTop reading scoped package data from C:\Users\victorvilardell\Documents\VictorVilardell\node_modules\standard\package.json
22 verbose installManyTop reading scoped package data from C:\Users\victorvilardell\Documents\VictorVilardell\node_modules\vinyl-source-stream\package.json
23 info package.json gulp-minify-css@1.2.4 No repository field.
24 verbose readDependencies loading dependencies from C:\Users\victorvilardell\Documents\VictorVilardell\package.json
25 silly cache add args [ 'react-font-awesome', null ]
26 verbose cache add spec react-font-awesome
27 silly cache add parsed spec Result {
27 silly cache add   raw: 'react-font-awesome',
27 silly cache add   scope: null,
27 silly cache add   name: 'react-font-awesome',
27 silly cache add   rawSpec: '',
27 silly cache add   spec: 'latest',
27 silly cache add   type: 'tag' }
28 silly addNamed react-font-awesome@latest
29 verbose addNamed "latest" is being treated as a dist-tag for react-font-awesome
30 info addNameTag [ 'react-font-awesome', 'latest' ]
31 silly mapToRegistry name react-font-awesome
32 silly mapToRegistry using default registry
33 silly mapToRegistry registry https://registry.npmjs.org/
34 silly mapToRegistry uri https://registry.npmjs.org/react-font-awesome
35 verbose addNameTag registry:https://registry.npmjs.org/react-font-awesome not in flight; fetching
36 verbose request uri https://registry.npmjs.org/react-font-awesome
37 verbose request no auth needed
38 info attempt registry request try #1 at 13:42:10
39 verbose request id ccca596de010495d
40 http request GET https://registry.npmjs.org/react-font-awesome
41 http 200 https://registry.npmjs.org/react-font-awesome
42 verbose headers { server: 'CouchDB/1.6.1 (Erlang OTP/R16B03)',
42 verbose headers   etag: '"3LTUJJYN3S7VZP3O3WL3RZ2QN"',
42 verbose headers   'content-type': 'application/json',
42 verbose headers   'content-encoding': 'gzip',
42 verbose headers   'cache-control': 'max-age=300',
42 verbose headers   'content-length': '1235',
42 verbose headers   'accept-ranges': 'bytes',
42 verbose headers   date: 'Tue, 19 Jul 2016 11:42:11 GMT',
42 verbose headers   via: '1.1 varnish',
42 verbose headers   age: '0',
42 verbose headers   connection: 'keep-alive',
42 verbose headers   'x-served-by': 'cache-fra1240-FRA',
42 verbose headers   'x-cache': 'MISS',
42 verbose headers   'x-cache-hits': '0',
42 verbose headers   'x-timer': 'S1468928531.034563,VS0,VE188',
42 verbose headers   vary: 'Accept-Encoding' }
43 silly get cb [ 200,
43 silly get   { server: 'CouchDB/1.6.1 (Erlang OTP/R16B03)',
43 silly get     etag: '"3LTUJJYN3S7VZP3O3WL3RZ2QN"',
43 silly get     'content-type': 'application/json',
43 silly get     'content-encoding': 'gzip',
43 silly get     'cache-control': 'max-age=300',
43 silly get     'content-length': '1235',
43 silly get     'accept-ranges': 'bytes',
43 silly get     date: 'Tue, 19 Jul 2016 11:42:11 GMT',
43 silly get     via: '1.1 varnish',
43 silly get     age: '0',
43 silly get     connection: 'keep-alive',
43 silly get     'x-served-by': 'cache-fra1240-FRA',
43 silly get     'x-cache': 'MISS',
43 silly get     'x-cache-hits': '0',
43 silly get     'x-timer': 'S1468928531.034563,VS0,VE188',
43 silly get     vary: 'Accept-Encoding' } ]
44 verbose get saving react-font-awesome to C:\Users\victorvilardell\AppData\Roaming\npm-cache\registry.npmjs.org\react-font-awesome\.cache.json
45 silly addNameTag next cb for react-font-awesome with tag latest
46 silly addNamed react-font-awesome@1.0.3
47 verbose addNamed "1.0.3" is a plain semver version for react-font-awesome
48 silly mapToRegistry name react-font-awesome
49 silly mapToRegistry using default registry
50 silly mapToRegistry registry https://registry.npmjs.org/
51 silly mapToRegistry uri https://registry.npmjs.org/react-font-awesome
52 verbose addRemoteTarball https://registry.npmjs.org/react-font-awesome/-/react-font-awesome-1.0.3.tgz not in flight; adding
53 verbose addRemoteTarball [ 'https://registry.npmjs.org/react-font-awesome/-/react-font-awesome-1.0.3.tgz',
53 verbose addRemoteTarball   'c4c67cc0038c2288d35f02d0a952d41ece2a16e0' ]
54 info retry fetch attempt 1 at 13:42:10
55 info attempt registry request try #1 at 13:42:10
56 http fetch GET https://registry.npmjs.org/react-font-awesome/-/react-font-awesome-1.0.3.tgz
57 http fetch 200 https://registry.npmjs.org/react-font-awesome/-/react-font-awesome-1.0.3.tgz
58 silly fetchAndShaCheck shasum c4c67cc0038c2288d35f02d0a952d41ece2a16e0
59 verbose addTmpTarball C:\Users\VICTOR~1\AppData\Local\Temp\npm-29164-021800eb\registry.npmjs.org\react-font-awesome\-\react-font-awesome-1.0.3.tgz not in flight; adding
60 verbose addTmpTarball already have metadata; skipping unpack for react-font-awesome@1.0.3
61 silly cache afterAdd react-font-awesome@1.0.3
62 verbose afterAdd C:\Users\victorvilardell\AppData\Roaming\npm-cache\react-font-awesome\1.0.3\package\package.json not in flight; writing
63 verbose afterAdd C:\Users\victorvilardell\AppData\Roaming\npm-cache\react-font-awesome\1.0.3\package\package.json written
64 silly install resolved [ { name: 'react-font-awesome',
64 silly install resolved     version: '1.0.3',
64 silly install resolved     description: 'React components for awesome work with FontAwesome',
64 silly install resolved     main: 'index.js',
64 silly install resolved     scripts: { test: 'gulp test' },
64 silly install resolved     repository:
64 silly install resolved      { type: 'git',
64 silly install resolved        url: 'git://github.com/Laiff/react-font-awesome.git' },
64 silly install resolved     keywords:
64 silly install resolved      [ 'react',
64 silly install resolved        'font',
64 silly install resolved        'font-awesome',
64 silly install resolved        'components',
64 silly install resolved        'icon',
64 silly install resolved        'react-component' ],
64 silly install resolved     author: { name: 'Andrew Laiff' },
64 silly install resolved     license: 'MIT',
64 silly install resolved     bugs: { url: 'https://github.com/Laiff/react-font-awesome/issues' },
64 silly install resolved     peerDependencies: { react: '~0.11.2' },
64 silly install resolved     _id: 'react-font-awesome@1.0.3',
64 silly install resolved     dist:
64 silly install resolved      { shasum: 'c4c67cc0038c2288d35f02d0a952d41ece2a16e0',
64 silly install resolved        tarball: 'https://registry.npmjs.org/react-font-awesome/-/react-font-awesome-1.0.3.tgz' },
64 silly install resolved     _from: 'react-font-awesome@latest',
64 silly install resolved     _npmVersion: '1.3.10',
64 silly install resolved     _npmUser: { name: 'laiff', email: 'q.laiff@gmail.com' },
64 silly install resolved     maintainers: [ [Object] ],
64 silly install resolved     directories: {},
64 silly install resolved     _shasum: 'c4c67cc0038c2288d35f02d0a952d41ece2a16e0',
64 silly install resolved     _resolved: 'https://registry.npmjs.org/react-font-awesome/-/react-font-awesome-1.0.3.tgz' } ]
65 info install react-font-awesome@1.0.3 into C:\Users\victorvilardell\Documents\VictorVilardell
66 info installOne react-font-awesome@1.0.3
67 verbose installOne of react-font-awesome to C:\Users\victorvilardell\Documents\VictorVilardell not in flight; installing
68 verbose lock using C:\Users\victorvilardell\AppData\Roaming\npm-cache\_locks\react-font-awesome-5894842eed7e92b9.lock for C:\Users\victorvilardell\Documents\VictorVilardell\node_modules\react-font-awesome
69 silly install write writing react-font-awesome 1.0.3 to C:\Users\victorvilardell\Documents\VictorVilardell\node_modules\react-font-awesome
70 verbose unbuild node_modules\react-font-awesome
71 silly gentlyRm C:\Users\victorvilardell\Documents\VictorVilardell\node_modules\react-font-awesome is being purged from base C:\Users\victorvilardell\Documents\VictorVilardell
72 verbose gentlyRm don't care about contents; nuking C:\Users\victorvilardell\Documents\VictorVilardell\node_modules\react-font-awesome
73 verbose tar unpack C:\Users\victorvilardell\AppData\Roaming\npm-cache\react-font-awesome\1.0.3\package.tgz
74 verbose tar unpacking to C:\Users\victorvilardell\Documents\VictorVilardell\node_modules\react-font-awesome
75 silly gentlyRm C:\Users\victorvilardell\Documents\VictorVilardell\node_modules\react-font-awesome is being purged
76 verbose gentlyRm don't care about contents; nuking C:\Users\victorvilardell\Documents\VictorVilardell\node_modules\react-font-awesome
77 silly gunzTarPerm modes [ '777', '666' ]
78 silly gunzTarPerm extractEntry package.json
79 silly gunzTarPerm modified mode [ 'package.json', 420, 438 ]
80 silly gunzTarPerm extractEntry .npmignore
81 silly gunzTarPerm modified mode [ '.npmignore', 420, 438 ]
82 silly gunzTarPerm extractEntry README.md
83 silly gunzTarPerm modified mode [ 'README.md', 420, 438 ]
84 silly gunzTarPerm extractEntry LICENSE
85 silly gunzTarPerm modified mode [ 'LICENSE', 420, 438 ]
86 silly gunzTarPerm extractEntry index.js
87 silly gunzTarPerm modified mode [ 'index.js', 420, 438 ]
88 verbose write writing to C:\Users\victorvilardell\Documents\VictorVilardell\node_modules\react-font-awesome\package.json
89 info preinstall react-font-awesome@1.0.3
90 verbose readDependencies loading dependencies from C:\Users\victorvilardell\Documents\VictorVilardell\node_modules\react-font-awesome\package.json
91 silly prepareForInstallMany adding react@~0.11.2 from react-font-awesome peerDependencies
92 warn peerDependencies The peer dependency react@~0.11.2 included from react-font-awesome will no
93 warn peerDependencies longer be automatically installed to fulfill the peerDependency
94 warn peerDependencies in npm 3+. Your application will need to depend on it explicitly.
95 verbose readDependencies loading dependencies from C:\Users\victorvilardell\Documents\VictorVilardell\node_modules\react-font-awesome\package.json
96 silly install resolved []
97 verbose about to build C:\Users\victorvilardell\Documents\VictorVilardell\node_modules\react-font-awesome
98 info build C:\Users\victorvilardell\Documents\VictorVilardell\node_modules\react-font-awesome
99 info linkStuff react-font-awesome@1.0.3
100 silly linkStuff react-font-awesome@1.0.3 has C:\Users\victorvilardell\Documents\VictorVilardell\node_modules as its parent node_modules
101 verbose linkBins react-font-awesome@1.0.3
102 verbose linkMans react-font-awesome@1.0.3
103 verbose rebuildBundles react-font-awesome@1.0.3
104 info install react-font-awesome@1.0.3
105 info postinstall react-font-awesome@1.0.3
106 verbose readDependencies loading dependencies from C:\Users\victorvilardell\Documents\VictorVilardell\package.json
107 verbose targetResolver reading package data from C:\Users\victorvilardell\Documents\VictorVilardell\node_modules\babel-preset-es2015\package.json
108 verbose targetResolver reading package data from C:\Users\victorvilardell\Documents\VictorVilardell\node_modules\babel-preset-react\package.json
109 verbose targetResolver reading package data from C:\Users\victorvilardell\Documents\VictorVilardell\node_modules\babelify\package.json
110 verbose targetResolver reading package data from C:\Users\victorvilardell\Documents\VictorVilardell\node_modules\browserify\package.json
111 verbose targetResolver reading package data from C:\Users\victorvilardell\Documents\VictorVilardell\node_modules\font-awesome\package.json
112 verbose targetResolver reading package data from C:\Users\victorvilardell\Documents\VictorVilardell\node_modules\gulp\package.json
113 verbose targetResolver reading package data from C:\Users\victorvilardell\Documents\VictorVilardell\node_modules\gulp-concat\package.json
114 verbose targetResolver reading package data from C:\Users\victorvilardell\Documents\VictorVilardell\node_modules\gulp-minify-css\package.json
115 verbose targetResolver reading package data from C:\Users\victorvilardell\Documents\VictorVilardell\node_modules\gulp-sass\package.json
116 verbose targetResolver reading package data from C:\Users\victorvilardell\Documents\VictorVilardell\node_modules\gulp-sourcemaps\package.json
117 verbose targetResolver reading package data from C:\Users\victorvilardell\Documents\VictorVilardell\node_modules\gulp-webserver\package.json
118 verbose targetResolver reading package data from C:\Users\victorvilardell\Documents\VictorVilardell\node_modules\http-server\package.json
119 verbose targetResolver reading package data from C:\Users\victorvilardell\Documents\VictorVilardell\node_modules\node-font-awesome\package.json
120 verbose targetResolver reading package data from C:\Users\victorvilardell\Documents\VictorVilardell\node_modules\normalize.css\package.json
121 verbose targetResolver reading package data from C:\Users\victorvilardell\Documents\VictorVilardell\node_modules\react\package.json
122 verbose targetResolver reading package data from C:\Users\victorvilardell\Documents\VictorVilardell\node_modules\react-font-awesome\package.json
123 verbose targetResolver reading package data from C:\Users\victorvilardell\Documents\VictorVilardell\node_modules\standard\package.json
124 verbose targetResolver reading package data from C:\Users\victorvilardell\Documents\VictorVilardell\node_modules\vinyl-source-stream\package.json
125 verbose targetResolver reading package data from C:\Users\victorvilardell\Documents\VictorVilardell\node_modules\.bin\browserify\package.json
126 verbose targetResolver reading package data from C:\Users\victorvilardell\Documents\VictorVilardell\node_modules\.bin\browserify.cmd\package.json
127 verbose targetResolver reading package data from C:\Users\victorvilardell\Documents\VictorVilardell\node_modules\.bin\gulp\package.json
128 verbose targetResolver reading package data from C:\Users\victorvilardell\Documents\VictorVilardell\node_modules\.bin\gulp.cmd\package.json
129 verbose targetResolver reading package data from C:\Users\victorvilardell\Documents\VictorVilardell\node_modules\.bin\hs\package.json
130 verbose targetResolver reading package data from C:\Users\victorvilardell\Documents\VictorVilardell\node_modules\.bin\hs.cmd\package.json
131 verbose targetResolver reading package data from C:\Users\victorvilardell\Documents\VictorVilardell\node_modules\.bin\http-server\package.json
132 verbose targetResolver reading package data from C:\Users\victorvilardell\Documents\VictorVilardell\node_modules\.bin\http-server.cmd\package.json
133 verbose targetResolver reading package data from C:\Users\victorvilardell\Documents\VictorVilardell\node_modules\.bin\standard\package.json
134 verbose targetResolver reading package data from C:\Users\victorvilardell\Documents\VictorVilardell\node_modules\.bin\standard.cmd\package.json
135 verbose already installed skipping react@~0.11.2 C:\Users\victorvilardell\Documents\VictorVilardell
136 silly install resolved []
137 verbose unlock done using C:\Users\victorvilardell\AppData\Roaming\npm-cache\_locks\react-font-awesome-5894842eed7e92b9.lock for C:\Users\victorvilardell\Documents\VictorVilardell\node_modules\react-font-awesome
138 verbose validateInstall loading C:\Users\victorvilardell\Documents\VictorVilardell\package.json for validation
139 verbose stack Error: The package react@0.13.3 does not satisfy its siblings' peerDependencies requirements!
139 verbose stack     at C:\Program Files\nodejs\node_modules\npm\lib\install.js:125:32
139 verbose stack     at C:\Program Files\nodejs\node_modules\npm\lib\install.js:268:7
139 verbose stack     at C:\Program Files\nodejs\node_modules\npm\node_modules\read-installed\read-installed.js:142:5
139 verbose stack     at C:\Program Files\nodejs\node_modules\npm\node_modules\read-installed\read-installed.js:263:14
139 verbose stack     at cb (C:\Program Files\nodejs\node_modules\npm\node_modules\slide\lib\async-map.js:47:24)
139 verbose stack     at C:\Program Files\nodejs\node_modules\npm\node_modules\read-installed\read-installed.js:263:14
139 verbose stack     at cb (C:\Program Files\nodejs\node_modules\npm\node_modules\slide\lib\async-map.js:47:24)
139 verbose stack     at C:\Program Files\nodejs\node_modules\npm\node_modules\read-installed\read-installed.js:263:14
139 verbose stack     at cb (C:\Program Files\nodejs\node_modules\npm\node_modules\slide\lib\async-map.js:47:24)
139 verbose stack     at C:\Program Files\nodejs\node_modules\npm\node_modules\read-installed\read-installed.js:263:14
140 verbose cwd C:\Users\victorvilardell\Documents\VictorVilardell
141 error Windows_NT 6.1.7601
142 error argv "C:\\Program Files\\nodejs\\node.exe" "C:\\Program Files\\nodejs\\node_modules\\npm\\bin\\npm-cli.js" "install" "--save-dev" "react-font-awesome"
143 error node v4.2.6
144 error npm  v2.14.12
145 error code EPEERINVALID
146 error peerinvalid The package react@0.13.3 does not satisfy its siblings' peerDependencies requirements!
146 error peerinvalid Peer react-font-awesome@1.0.3 wants react@~0.11.2
147 verbose exit [ 1, true ]
